<?xml version="1.0" encoding="UTF-8"?>
<testng-results skipped="0" failed="0" ignored="0" total="1" passed="1">
  <reporter-output>
  </reporter-output>
  <suite name="E2E Suite" duration-ms="16230" started-at="2020-10-21T09:47:32 IST" finished-at="2020-10-21T09:47:48 IST">
    <groups>
    </groups>
    <test name="E2E Test" duration-ms="16230" started-at="2020-10-21T09:47:32 IST" finished-at="2020-10-21T09:47:48 IST">
      <class name="com.github.automatedowl.examples.tests.WebHostTests">
        <test-method status="PASS" signature="setTestConfiguration()[pri:0, instance:com.github.automatedowl.examples.tests.WebHostTests@214b199c]" name="setTestConfiguration" is-config="true" duration-ms="4263" started-at="2020-10-21T09:47:32 IST" finished-at="2020-10-21T09:47:36 IST">
          <reporter-output>
          </reporter-output>
        </test-method> <!-- setTestConfiguration -->
        <test-method status="PASS" signature="site88Test()[pri:0, instance:com.github.automatedowl.examples.tests.WebHostTests@214b199c]" name="site88Test" duration-ms="9935" started-at="2020-10-21T09:47:36 IST" finished-at="2020-10-21T09:47:46 IST">
          <reporter-output>
          </reporter-output>
        </test-method> <!-- site88Test -->
        <test-method status="PASS" signature="closeBrowser()[pri:0, instance:com.github.automatedowl.examples.tests.WebHostTests@214b199c]" name="closeBrowser" is-config="true" duration-ms="1719" started-at="2020-10-21T09:47:46 IST" finished-at="2020-10-21T09:47:48 IST">
          <reporter-output>
          </reporter-output>
        </test-method> <!-- closeBrowser -->
      </class> <!-- com.github.automatedowl.examples.tests.WebHostTests -->
    </test> <!-- E2E Test -->
  </suite> <!-- E2E Suite -->
</testng-results>
